<?xml version="1.0" encoding="UTF-8"?>
<!-- Generated by org.testng.reporters.JUnitXMLReporter -->
<testsuite ignored="0" hostname="PROBOOK" failures="0" tests="11" name="Default test" time="34.178" errors="0" timestamp="2024-06-28T19:42:39 EET">
  <testcase classname="myTestCase" name="CheckTheLanguage" time="0.038"/>
  <testcase classname="myTestCase" name="TestTheCurrencyIsSAR" time="0.044"/>
  <testcase classname="myTestCase" name="TestContactNumber" time="0.025"/>
  <testcase classname="myTestCase" name="VerifyQitafLogo" time="0.079"/>
  <testcase classname="myTestCase" name="CheckHotelTabIsNotSelected" time="0.027"/>
  <testcase classname="myTestCase" name="CheckDepartureAndReturnDate" time="0.042"/>
  <testcase classname="myTestCase" name="ChangeTheLanguageOfTheWebsiteRandomly" time="0.656"/>
  <testcase classname="myTestCase" name="HotelSelection" time="0.689"/>
  <testcase classname="myTestCase" name="SelectNumberOfPeople" time="3.684"/>
  <testcase classname="myTestCase" name="CheckThePageIsFullyLoaded" time="23.053"/>
  <testcase classname="myTestCase" name="sortItems" time="3.062"/>
</testsuite> <!-- Default test -->
