<?xml version="1.0" encoding="UTF-8"?>
<!-- Generated by org.testng.reporters.JUnitXMLReporter -->
<testsuite ignored="6" hostname="PROBOOK" failures="0" tests="5" name="Default test" time="30.595" errors="0" timestamp="2024-06-23T22:08:19 EET">
  <testcase classname="myTestCase" name="ChangeTheLanguageOfTheWebSiteRandomly" time="0.622"/>
  <testcase classname="myTestCase" name="HotelSelection" time="0.271"/>
  <testcase classname="myTestCase" name="SelectNumberOfPeople" time="4.558"/>
  <testcase classname="myTestCase" name="CheckThePageIsFullyLoaded" time="19.893"/>
  <testcase classname="myTestCase" name="sortItems" time="2.688"/>
  <testcase classname="myTestCase" name="checkthelangues" time="0.0">
    <ignored/>
  </testcase> <!-- checkthelangues -->
  <testcase classname="myTestCase" name="TestContactNumber" time="0.0">
    <ignored/>
  </testcase> <!-- TestContactNumber -->
  <testcase classname="myTestCase" name="CheckHotelTabIsNotSelected" time="0.0">
    <ignored/>
  </testcase> <!-- CheckHotelTabIsNotSelected -->
  <testcase classname="myTestCase" name="TestTheCurrencyIsSAR" time="0.0">
    <ignored/>
  </testcase> <!-- TestTheCurrencyIsSAR -->
  <testcase classname="myTestCase" name="CheckQitafLogoIfDisplayed" time="0.0">
    <ignored/>
  </testcase> <!-- CheckQitafLogoIfDisplayed -->
  <testcase classname="myTestCase" name="CheckDepatureAndReturnDate" time="0.0">
    <ignored/>
  </testcase> <!-- CheckDepatureAndReturnDate -->
</testsuite> <!-- Default test -->
